<?xml version="1.0" encoding="UTF-8"?>
<!-- Generated by org.testng.reporters.JUnitReportReporter -->
<testsuite hostname="DHIRAJ" failures="0" tests="1" name="runnerScript.TestCase" time="23.323" errors="0" timestamp="2024-11-27T10:43:41 IST" skipped="0">
  <testcase classname="runnerScript.TestCase" name="Execution" time="23.323"/>
</testsuite> <!-- runnerScript.TestCase -->
