<?xml version="1.0" encoding="UTF-8"?>
<!-- Generated by org.testng.reporters.JUnitReportReporter -->
<testsuite hostname="DHIRAJ" failures="0" tests="1" name="SauceLabs.RunnerScript" time="33.092" errors="0" timestamp="2024-11-07T15:05:23 IST" skipped="0">
  <testcase classname="SauceLabs.RunnerScript" name="login" time="33.092"/>
</testsuite> <!-- SauceLabs.RunnerScript -->
